Using pre-set license
Built from '2021.3/staging' branch; Version is '2021.3.19f1 (c9714fde33b6) revision 13201743'; Using compiler version '192829333'; Build Type 'Release'
OS: 'Windows 10  (10.0.19045) 64bit Professional' Language: 'ko' Physical Memory: 16194 MB
BatchMode: 1, IsHumanControllingUs: 0, StartBugReporterOnCrash: 0, Is64bit: 1, IsPro: 1

COMMAND LINE ARGUMENTS:
C:\Program Files\Unity\Hub\Editor\2021.3.19f1\Editor\Unity.exe
-adb2
-batchMode
-noUpm
-name
AssetImportWorker0
-projectPath
C:/Users/SGA/Desktop/Unity_2D_202303-main/Side-scrolling
-logFile
Logs/AssetImportWorker0.log
-srvPort
50788
Successfully changed project path to: C:/Users/SGA/Desktop/Unity_2D_202303-main/Side-scrolling
C:/Users/SGA/Desktop/Unity_2D_202303-main/Side-scrolling
[UnityMemory] Configuration Parameters - Can be set up in boot.config
    "memorysetup-bucket-allocator-granularity=16"
    "memorysetup-bucket-allocator-bucket-count=8"
    "memorysetup-bucket-allocator-block-size=33554432"
    "memorysetup-bucket-allocator-block-count=8"
    "memorysetup-main-allocator-block-size=16777216"
    "memorysetup-thread-allocator-block-size=16777216"
    "memorysetup-gfx-main-allocator-block-size=16777216"
    "memorysetup-gfx-thread-allocator-block-size=16777216"
    "memorysetup-cache-allocator-block-size=4194304"
    "memorysetup-typetree-allocator-block-size=2097152"
    "memorysetup-profiler-bucket-allocator-granularity=16"
    "memorysetup-profiler-bucket-allocator-bucket-count=8"
    "memorysetup-profiler-bucket-allocator-block-size=33554432"
    "memorysetup-profiler-bucket-allocator-block-count=8"
    "memorysetup-profiler-allocator-block-size=16777216"
    "memorysetup-profiler-editor-allocator-block-size=1048576"
    "memorysetup-temp-allocator-size-main=16777216"
    "memorysetup-job-temp-allocator-block-size=2097152"
    "memorysetup-job-temp-allocator-block-size-background=1048576"
    "memorysetup-job-temp-allocator-reduction-small-platforms=262144"
    "memorysetup-temp-allocator-size-background-worker=32768"
    "memorysetup-temp-allocator-size-job-worker=262144"
    "memorysetup-temp-allocator-size-preload-manager=33554432"
    "memorysetup-temp-allocator-size-nav-mesh-worker=65536"
    "memorysetup-temp-allocator-size-audio-worker=65536"
    "memorysetup-temp-allocator-size-cloud-worker=32768"
    "memorysetup-temp-allocator-size-gi-baking-worker=262144"
    "memorysetup-temp-allocator-size-gfx=262144"
Player connection [15056] Host "[IP] 192.168.0.96 [Port] 0 [Flags] 2 [Guid] 2461082677 [EditorId] 2461082677 [Version] 1048832 [Id] WindowsEditor(7,DESKTOP-HQKDT44) [Debug] 1 [PackageName] WindowsEditor [ProjectName] Editor" joined multi-casting on [225.0.0.222:54997]...

Player connection [15056] Host "[IP] 192.168.0.96 [Port] 0 [Flags] 2 [Guid] 2461082677 [EditorId] 2461082677 [Version] 1048832 [Id] WindowsEditor(7,DESKTOP-HQKDT44) [Debug] 1 [PackageName] WindowsEditor [ProjectName] Editor" joined alternative multi-casting on [225.0.0.222:34997]...

Refreshing native plugins compatible for Editor in 26.45 ms, found 2 plugins.
Preloading 0 native plugins for Editor in 0.00 ms.
Initialize engine version: 2021.3.19f1 (c9714fde33b6)
[Subsystems] Discovering subsystems at path C:/Program Files/Unity/Hub/Editor/2021.3.19f1/Editor/Data/Resources/UnitySubsystems
[Subsystems] Discovering subsystems at path C:/Users/SGA/Desktop/Unity_2D_202303-main/Side-scrolling/Assets
GfxDevice: creating device client; threaded=0; jobified=0
Direct3D:
    Version:  Direct3D 11.0 [level 11.1]
    Renderer: NVIDIA GeForce GTX 1650 (ID=0x1f82)
    Vendor:   NVIDIA
    VRAM:     3962 MB
    Driver:   31.0.15.1694
Initialize mono
Mono path[0] = 'C:/Program Files/Unity/Hub/Editor/2021.3.19f1/Editor/Data/Managed'
Mono path[1] = 'C:/Program Files/Unity/Hub/Editor/2021.3.19f1/Editor/Data/MonoBleedingEdge/lib/mono/unityjit-win32'
Mono config path = 'C:/Program Files/Unity/Hub/Editor/2021.3.19f1/Editor/Data/MonoBleedingEdge/etc'
Using monoOptions --debugger-agent=transport=dt_socket,embedding=1,server=y,suspend=n,address=127.0.0.1:56884
Begin MonoManager ReloadAssembly
Registering precompiled unity dll's ...
Register platform support module: C:/Program Files/Unity/Hub/Editor/2021.3.19f1/Editor/Data/PlaybackEngines/AndroidPlayer/UnityEditor.Android.Extensions.dll
Register platform support module: C:/Program Files/Unity/Hub/Editor/2021.3.19f1/Editor/Data/PlaybackEngines/WindowsStandaloneSupport/UnityEditor.WindowsStandalone.Extensions.dll
Registered in 0.004024 seconds.
Native extension for WindowsStandalone target not found
Native extension for Android target not found
Android Extension - Scanning For ADB Devices 2186 ms
Refreshing native plugins compatible for Editor in 23.82 ms, found 2 plugins.
Preloading 0 native plugins for Editor in 0.00 ms.
Mono: successfully reloaded assembly
- Completed reload, in  2.597 seconds
Domain Reload Profiling:
	ReloadAssembly (2597ms)
		BeginReloadAssembly (51ms)
			ExecutionOrderSort (0ms)
			DisableScriptedObjects (0ms)
			BackupInstance (0ms)
			ReleaseScriptingObjects (0ms)
			CreateAndSetChildDomain (1ms)
		EndReloadAssembly (2471ms)
			LoadAssemblies (50ms)
			RebuildTransferFunctionScriptingTraits (0ms)
			SetupTypeCache (70ms)
			ReleaseScriptCaches (0ms)
			RebuildScriptCaches (18ms)
			SetupLoadedEditorAssemblies (2349ms)
				LogAssemblyErrors (0ms)
				InitializePlatformSupportModulesInManaged (2231ms)
				SetLoadedEditorAssemblies (0ms)
				RefreshPlugins (24ms)
				BeforeProcessingInitializeOnLoad (1ms)
				ProcessInitializeOnLoadAttributes (65ms)
				ProcessInitializeOnLoadMethodAttributes (29ms)
				AfterProcessingInitializeOnLoad (0ms)
				EditorAssembliesLoaded (0ms)
			ExecutionOrderSort2 (0ms)
			AwakeInstancesAfterBackupRestoration (0ms)
Platform modules already initialized, skipping
Registering precompiled user dll's ...
Registered in 0.001381 seconds.
Begin MonoManager ReloadAssembly
Native extension for WindowsStandalone target not found
Native extension for Android target not found
Refreshing native plugins compatible for Editor in 0.35 ms, found 2 plugins.
Preloading 0 native plugins for Editor in 0.00 ms.
Mono: successfully reloaded assembly
- Completed reload, in  0.571 seconds
Domain Reload Profiling:
	ReloadAssembly (571ms)
		BeginReloadAssembly (71ms)
			ExecutionOrderSort (0ms)
			DisableScriptedObjects (4ms)
			BackupInstance (0ms)
			ReleaseScriptingObjects (0ms)
			CreateAndSetChildDomain (14ms)
		EndReloadAssembly (420ms)
			LoadAssemblies (46ms)
			RebuildTransferFunctionScriptingTraits (0ms)
			SetupTypeCache (118ms)
			ReleaseScriptCaches (0ms)
			RebuildScriptCaches (28ms)
			SetupLoadedEditorAssemblies (194ms)
				LogAssemblyErrors (0ms)
				InitializePlatformSupportModulesInManaged (13ms)
				SetLoadedEditorAssemblies (0ms)
				RefreshPlugins (0ms)
				BeforeProcessingInitializeOnLoad (36ms)
				ProcessInitializeOnLoadAttributes (126ms)
				ProcessInitializeOnLoadMethodAttributes (14ms)
				AfterProcessingInitializeOnLoad (4ms)
				EditorAssembliesLoaded (0ms)
			ExecutionOrderSort2 (0ms)
			AwakeInstancesAfterBackupRestoration (3ms)
Platform modules already initialized, skipping
========================================================================
Worker process is ready to serve import requests
Launched and connected shader compiler UnityShaderCompiler.exe after 0.03 seconds
Refreshing native plugins compatible for Editor in 0.30 ms, found 2 plugins.
Preloading 0 native plugins for Editor in 0.00 ms.
Unloading 1442 Unused Serialized files (Serialized files now loaded: 0)
Unloading 15 unused Assets / (30.2 KB). Loaded Objects now: 1919.
Memory consumption went from 74.7 MB to 74.7 MB.
Total: 2.134800 ms (FindLiveObjects: 0.092300 ms CreateObjectMapping: 0.025500 ms MarkObjects: 1.994100 ms  DeleteObjects: 0.021900 ms)

AssetImportParameters requested are different than current active one (requested -> active):
  custom:video-decoder-ogg-theora: a1e56fd34408186e4bbccfd4996cb3dc -> 
  custom:container-muxer-webm: aa71ff27fc2769a1b78a27578f13a17b -> 
  custom:container-demuxer-webm: 4f35f7cbe854078d1ac9338744f61a02 -> 
  custom:video-encoder-webm-vp8: eb34c28f22e8b96e1ab97ce403110664 -> 
  custom:audio-encoder-webm-vorbis: bf7c407c2cedff20999df2af8eb42d56 -> 
  custom:framework-win-MediaFoundation: 216162199b28c13a410421893ffa2e32 -> 
  custom:container-demuxer-ogg: 62fdf1f143b41e24485cea50d1cbac27 -> 
  custom:video-decoder-webm-vp8: 9c59270c3fd7afecdb556c50c9e8de78 -> 
  custom:audio-decoder-ogg-vorbis: bf7c407c2cedff20999df2af8eb42d56 -> 
========================================================================
Received Import Request.
  Time since last request: 1272.471324 seconds.
  path: Assets/New Render Texture.renderTexture
  artifactKey: Guid(5c39c6650bff6a84c80e04068b0e04da) Importer(815301076,1909f56bfc062723c751e8b465ee728b)
Start importing Assets/New Render Texture.renderTexture using Guid(5c39c6650bff6a84c80e04068b0e04da) Importer(815301076,1909f56bfc062723c751e8b465ee728b)  -> (artifact id: '8db2344395e46ec3d032785523b53842') in 0.060328 seconds 
========================================================================
Received Import Request.
  Time since last request: 10.424918 seconds.
  path: Assets/Scenes
  artifactKey: Guid(943e9bff3b916a44dad4577202af428b) Importer(815301076,1909f56bfc062723c751e8b465ee728b)
Start importing Assets/Scenes using Guid(943e9bff3b916a44dad4577202af428b) Importer(815301076,1909f56bfc062723c751e8b465ee728b)  -> (artifact id: '09186d5079ffdf5657c035f3e80f7e63') in 0.005537 seconds 
========================================================================
Received Import Request.
  Time since last request: 1.510436 seconds.
  path: Assets/Scenes/minimap.unity
  artifactKey: Guid(479f4eb1202e61c42977bfcb1891b3d2) Importer(815301076,1909f56bfc062723c751e8b465ee728b)
Start importing Assets/Scenes/minimap.unity using Guid(479f4eb1202e61c42977bfcb1891b3d2) Importer(815301076,1909f56bfc062723c751e8b465ee728b)  -> (artifact id: '7056ba6872e7c66abe694e26c491dfbf') in 0.005301 seconds 
========================================================================
Received Import Request.
  Time since last request: 3.246024 seconds.
  path: Assets/Scenes/MainMenu.unity
  artifactKey: Guid(92398c6f06ff6ab4c82b42af11d86837) Importer(815301076,1909f56bfc062723c751e8b465ee728b)
Start importing Assets/Scenes/MainMenu.unity using Guid(92398c6f06ff6ab4c82b42af11d86837) Importer(815301076,1909f56bfc062723c751e8b465ee728b)  -> (artifact id: '5da5147b3d3b41344d0846a65abfbdbb') in 0.006887 seconds 
========================================================================
Received Import Request.
  Time since last request: 1.262957 seconds.
  path: Assets/Scenes/Game Start.unity
  artifactKey: Guid(9a90bcc737332eb4386d7b363ada5362) Importer(815301076,1909f56bfc062723c751e8b465ee728b)
Start importing Assets/Scenes/Game Start.unity using Guid(9a90bcc737332eb4386d7b363ada5362) Importer(815301076,1909f56bfc062723c751e8b465ee728b)  -> (artifact id: '964849b0f105e724d079dea847612805') in 0.005736 seconds 
========================================================================
Received Import Request.
  Time since last request: 1.311989 seconds.
  path: Assets/Scenes/BulletPattern.unity
  artifactKey: Guid(0c61b8c201820d64e87b2d6a22b7c20f) Importer(815301076,1909f56bfc062723c751e8b465ee728b)
Start importing Assets/Scenes/BulletPattern.unity using Guid(0c61b8c201820d64e87b2d6a22b7c20f) Importer(815301076,1909f56bfc062723c751e8b465ee728b)  -> (artifact id: '75c4d572c45d8e5df1978be0b6f9cb35') in 0.005591 seconds 
========================================================================
Received Import Request.
  Time since last request: 883.338962 seconds.
  path: Assets/Scripts
  artifactKey: Guid(4001f7645ec89ed4e88ce01030284aea) Importer(815301076,1909f56bfc062723c751e8b465ee728b)
Start importing Assets/Scripts using Guid(4001f7645ec89ed4e88ce01030284aea) Importer(815301076,1909f56bfc062723c751e8b465ee728b)  -> (artifact id: '36473519a8b498dbc7d24bae66faed94') in 0.007153 seconds 
========================================================================
Received Import Request.
  Time since last request: 1.782073 seconds.
  path: Assets/Scripts/BackGroundController.cs
  artifactKey: Guid(be901fccf7e6ecd41954151b895cd2ca) Importer(815301076,1909f56bfc062723c751e8b465ee728b)
Start importing Assets/Scripts/BackGroundController.cs using Guid(be901fccf7e6ecd41954151b895cd2ca) Importer(815301076,1909f56bfc062723c751e8b465ee728b)  -> (artifact id: '8ed2d5cd137f13c37d71999652a40d11') in 0.012485 seconds 
========================================================================
Received Import Request.
  Time since last request: 0.507468 seconds.
  path: Assets/Scripts/BossController.cs
  artifactKey: Guid(86d6dbb5b6b89484b9b221e33e5c03d7) Importer(815301076,1909f56bfc062723c751e8b465ee728b)
Start importing Assets/Scripts/BossController.cs using Guid(86d6dbb5b6b89484b9b221e33e5c03d7) Importer(815301076,1909f56bfc062723c751e8b465ee728b)  -> (artifact id: 'bdad847a6174d1206272a9bd6edb9c1d') in 0.005159 seconds 
========================================================================
Received Import Request.
  Time since last request: 1.814882 seconds.
  path: Assets/Scripts/ControllerManager.cs
  artifactKey: Guid(680a5d1f06e366940ba9c4af6a411c8a) Importer(815301076,1909f56bfc062723c751e8b465ee728b)
Start importing Assets/Scripts/ControllerManager.cs using Guid(680a5d1f06e366940ba9c4af6a411c8a) Importer(815301076,1909f56bfc062723c751e8b465ee728b)  -> (artifact id: 'adf08241959679dad4ac22a429a10c5e') in 0.005038 seconds 
========================================================================
Received Import Request.
  Time since last request: 0.506428 seconds.
  path: Assets/Scripts/EnemyController.cs
  artifactKey: Guid(ce514ee7d4ba74c4d9a3cc9489224486) Importer(815301076,1909f56bfc062723c751e8b465ee728b)
Start importing Assets/Scripts/EnemyController.cs using Guid(ce514ee7d4ba74c4d9a3cc9489224486) Importer(815301076,1909f56bfc062723c751e8b465ee728b)  -> (artifact id: '06acd2e9c52e40c9f676a802d8af043f') in 0.005494 seconds 
========================================================================
Received Import Request.
  Time since last request: 0.394327 seconds.
  path: Assets/Scripts/EnemyManager.cs
  artifactKey: Guid(1e7b89328fa9a8646a2a13e579cefd3b) Importer(815301076,1909f56bfc062723c751e8b465ee728b)
Start importing Assets/Scripts/EnemyManager.cs using Guid(1e7b89328fa9a8646a2a13e579cefd3b) Importer(815301076,1909f56bfc062723c751e8b465ee728b)  -> (artifact id: 'e81f05c37852c54cf6bba491c0c5d952') in 0.007971 seconds 
========================================================================
Received Import Request.
  Time since last request: 0.378766 seconds.
  path: Assets/Scripts/MyGizmo.cs
  artifactKey: Guid(ae8634acec13f804187eeefcf0dfeaf8) Importer(815301076,1909f56bfc062723c751e8b465ee728b)
Start importing Assets/Scripts/MyGizmo.cs using Guid(ae8634acec13f804187eeefcf0dfeaf8) Importer(815301076,1909f56bfc062723c751e8b465ee728b)  -> (artifact id: '204a34dd4600291234fe51b39e0704a7') in 0.005439 seconds 
========================================================================
Received Import Request.
  Time since last request: 0.448832 seconds.
  path: Assets/Scripts/PlayerController.cs
  artifactKey: Guid(7716927889e6ba848bf3106abb7d1dcc) Importer(815301076,1909f56bfc062723c751e8b465ee728b)
Start importing Assets/Scripts/PlayerController.cs using Guid(7716927889e6ba848bf3106abb7d1dcc) Importer(815301076,1909f56bfc062723c751e8b465ee728b)  -> (artifact id: 'a39317ef091dcdcf47fcf76cc7f4fcd1') in 0.004844 seconds 
========================================================================
Received Import Request.
  Time since last request: 0.499460 seconds.
  path: Assets/Scripts/ScrollUI.cs
  artifactKey: Guid(7e16b34b58262c341aa0123031c0a292) Importer(815301076,1909f56bfc062723c751e8b465ee728b)
Start importing Assets/Scripts/ScrollUI.cs using Guid(7e16b34b58262c341aa0123031c0a292) Importer(815301076,1909f56bfc062723c751e8b465ee728b)  -> (artifact id: 'ffee6eb55a3f8c45459631364ef6f722') in 0.005601 seconds 
========================================================================
Received Import Request.
  Time since last request: 16.140643 seconds.
  path: Assets/Scripts/UI
  artifactKey: Guid(e794f100261912a43b0cd3e0d452e081) Importer(815301076,1909f56bfc062723c751e8b465ee728b)
Start importing Assets/Scripts/UI using Guid(e794f100261912a43b0cd3e0d452e081) Importer(815301076,1909f56bfc062723c751e8b465ee728b)  -> (artifact id: '3da3eb6ad06d901acb749bbea2b5b435') in 0.006001 seconds 
========================================================================
Received Import Request.
  Time since last request: 22.561168 seconds.
  path: Assets/Scripts/BulletControll.cs
  artifactKey: Guid(db55d1dca77d3254783bf07c8302504a) Importer(815301076,1909f56bfc062723c751e8b465ee728b)
Start importing Assets/Scripts/BulletControll.cs using Guid(db55d1dca77d3254783bf07c8302504a) Importer(815301076,1909f56bfc062723c751e8b465ee728b)  -> (artifact id: 'f08cfdd9b689e30c928c1f7bbc4fb5cf') in 0.005658 seconds 
========================================================================
Received Import Request.
  Time since last request: 11.920724 seconds.
  path: Assets/Scripts/BulletController.cs
  artifactKey: Guid(5875f3d1bd35a9a409cc616a6a367d98) Importer(815301076,1909f56bfc062723c751e8b465ee728b)
Start importing Assets/Scripts/BulletController.cs using Guid(5875f3d1bd35a9a409cc616a6a367d98) Importer(815301076,1909f56bfc062723c751e8b465ee728b)  -> (artifact id: 'b0befd0c275d5f33bbc72adc60df6103') in 0.005198 seconds 
========================================================================
Received Import Request.
  Time since last request: 0.880602 seconds.
  path: Assets/Scripts/ButtonController.cs
  artifactKey: Guid(2ed32dd973fcc424e901179629bfd491) Importer(815301076,1909f56bfc062723c751e8b465ee728b)
Start importing Assets/Scripts/ButtonController.cs using Guid(2ed32dd973fcc424e901179629bfd491) Importer(815301076,1909f56bfc062723c751e8b465ee728b)  -> (artifact id: '46f1050d63442dbd9f02275dae9dea5b') in 0.005041 seconds 
========================================================================
Received Import Request.
  Time since last request: 48.264502 seconds.
  path: Assets/Scripts/CameraController.cs
  artifactKey: Guid(feeba1d68df273f4d922120024d42be6) Importer(815301076,1909f56bfc062723c751e8b465ee728b)
Start importing Assets/Scripts/CameraController.cs using Guid(feeba1d68df273f4d922120024d42be6) Importer(815301076,1909f56bfc062723c751e8b465ee728b)  -> (artifact id: '626e1eb0826dda077c9c8c91c2bc1099') in 0.006666 seconds 
========================================================================
Received Import Request.
  Time since last request: 176.360531 seconds.
  path: Assets/TextMesh Pro
  artifactKey: Guid(f54d1bd14bd3ca042bd867b519fee8cc) Importer(815301076,1909f56bfc062723c751e8b465ee728b)
Start importing Assets/TextMesh Pro using Guid(f54d1bd14bd3ca042bd867b519fee8cc) Importer(815301076,1909f56bfc062723c751e8b465ee728b)  -> (artifact id: 'f5648c5ef36b7beab651a001a8d08867') in 0.007513 seconds 
========================================================================
Received Import Request.
  Time since last request: 5.493506 seconds.
  path: Assets/Textures
  artifactKey: Guid(21497ad10628d044e877127f1ea879ed) Importer(815301076,1909f56bfc062723c751e8b465ee728b)
Start importing Assets/Textures using Guid(21497ad10628d044e877127f1ea879ed) Importer(815301076,1909f56bfc062723c751e8b465ee728b)  -> (artifact id: 'c60b23363e359b09858895dccf592b84') in 0.005657 seconds 
========================================================================
Received Import Request.
  Time since last request: 0.066415 seconds.
  path: Assets/Textures/Enemy.png
  artifactKey: Guid(0f9d22bd72c54ba4e980d6a1d521ea58) Importer(815301076,1909f56bfc062723c751e8b465ee728b)
Start importing Assets/Textures/Enemy.png using Guid(0f9d22bd72c54ba4e980d6a1d521ea58) Importer(815301076,1909f56bfc062723c751e8b465ee728b)  -> (artifact id: 'b64ca4eb75dd0f970604f0b98979ad98') in 0.109803 seconds 
========================================================================
Received Import Request.
  Time since last request: 0.000014 seconds.
  path: Assets/Textures/Player.png
  artifactKey: Guid(838a057e6809c5642be329a88f18fad0) Importer(815301076,1909f56bfc062723c751e8b465ee728b)
Start importing Assets/Textures/Player.png using Guid(838a057e6809c5642be329a88f18fad0) Importer(815301076,1909f56bfc062723c751e8b465ee728b)  -> (artifact id: '9f0fd9107ebda40a42ffbd962dacf474') in 0.047872 seconds 
========================================================================
Received Import Request.
  Time since last request: 0.000017 seconds.
  path: Assets/Textures/shadow.png
  artifactKey: Guid(dbf39673898d61b42a70825d30bf0dff) Importer(815301076,1909f56bfc062723c751e8b465ee728b)
Start importing Assets/Textures/shadow.png using Guid(dbf39673898d61b42a70825d30bf0dff) Importer(815301076,1909f56bfc062723c751e8b465ee728b)  -> (artifact id: 'a235edef7f815726361cf4267deadd30') in 0.011068 seconds 
========================================================================
Received Import Request.
  Time since last request: 10.142902 seconds.
  path: Assets/Textures/Skills
  artifactKey: Guid(3550aa0d80f9d4001ba8ce0feec7181f) Importer(815301076,1909f56bfc062723c751e8b465ee728b)
Start importing Assets/Textures/Skills using Guid(3550aa0d80f9d4001ba8ce0feec7181f) Importer(815301076,1909f56bfc062723c751e8b465ee728b)  -> (artifact id: '0acbd3f1ea97467026f4bc9afc9d2b47') in 0.006038 seconds 
========================================================================
Received Import Request.
  Time since last request: 1.240704 seconds.
  path: Assets/Textures/Boss
  artifactKey: Guid(939ce7c6cc34d7d41a81051de96f49db) Importer(815301076,1909f56bfc062723c751e8b465ee728b)
Start importing Assets/Textures/Boss using Guid(939ce7c6cc34d7d41a81051de96f49db) Importer(815301076,1909f56bfc062723c751e8b465ee728b)  -> (artifact id: '48a06287f814bc59028681deb6ab550e') in 0.005576 seconds 
========================================================================
Received Import Request.
  Time since last request: 0.072080 seconds.
  path: Assets/Textures/Boss/penguin_atack_01.png
  artifactKey: Guid(6059ad9a67fda844aa2d256b0f868934) Importer(815301076,1909f56bfc062723c751e8b465ee728b)
Start importing Assets/Textures/Boss/penguin_atack_01.png using Guid(6059ad9a67fda844aa2d256b0f868934) Importer(815301076,1909f56bfc062723c751e8b465ee728b)  -> (artifact id: 'e7ad1b6ebb6b6126c676075ac6af8295') in 0.024487 seconds 
========================================================================
Received Import Request.
  Time since last request: 0.000019 seconds.
  path: Assets/Textures/Boss/penguin_slide_03.png
  artifactKey: Guid(5b812e93c05ea4345a5924253cee070b) Importer(815301076,1909f56bfc062723c751e8b465ee728b)
Start importing Assets/Textures/Boss/penguin_slide_03.png using Guid(5b812e93c05ea4345a5924253cee070b) Importer(815301076,1909f56bfc062723c751e8b465ee728b)  -> (artifact id: '4d178527a46412ab82581b7a8572e342') in 0.022965 seconds 
========================================================================
Received Import Request.
  Time since last request: 0.000022 seconds.
  path: Assets/Textures/Boss/penguin_walk_05.png
  artifactKey: Guid(46f53a456f6630c48939a8e43d1dd3d8) Importer(815301076,1909f56bfc062723c751e8b465ee728b)
Start importing Assets/Textures/Boss/penguin_walk_05.png using Guid(46f53a456f6630c48939a8e43d1dd3d8) Importer(815301076,1909f56bfc062723c751e8b465ee728b)  -> (artifact id: '4b8ddf82b0aa7d720ff5182c2da23a87') in 0.023154 seconds 
========================================================================
Received Import Request.
  Time since last request: 0.000017 seconds.
  path: Assets/Textures/Boss/penguin_idle_02.png
  artifactKey: Guid(bc773256dd1a7474a86a67f0fe38f4b4) Importer(815301076,1909f56bfc062723c751e8b465ee728b)
Start importing Assets/Textures/Boss/penguin_idle_02.png using Guid(bc773256dd1a7474a86a67f0fe38f4b4) Importer(815301076,1909f56bfc062723c751e8b465ee728b)  -> (artifact id: '88e70e0caf0961885c06181d7570faa8') in 0.022952 seconds 
========================================================================
Received Import Request.
  Time since last request: 0.000014 seconds.
  path: Assets/Textures/Boss/penguin_preslide_01.png
  artifactKey: Guid(1b5f6e65e18ef0849bc5f9aa181467c1) Importer(815301076,1909f56bfc062723c751e8b465ee728b)
Start importing Assets/Textures/Boss/penguin_preslide_01.png using Guid(1b5f6e65e18ef0849bc5f9aa181467c1) Importer(815301076,1909f56bfc062723c751e8b465ee728b)  -> (artifact id: 'ba445cce3a1eff801c1f95440fd17731') in 0.022588 seconds 
========================================================================
Received Import Request.
  Time since last request: 0.000014 seconds.
  path: Assets/Textures/Boss/penguin_walk_06.png
  artifactKey: Guid(ffad18ba204bc7e4897c2b0c860d0c9a) Importer(815301076,1909f56bfc062723c751e8b465ee728b)
Start importing Assets/Textures/Boss/penguin_walk_06.png using Guid(ffad18ba204bc7e4897c2b0c860d0c9a) Importer(815301076,1909f56bfc062723c751e8b465ee728b)  -> (artifact id: 'e8ab80be3f9582b82e5fec12ad9ced78') in 0.020726 seconds 
========================================================================
Received Import Request.
  Time since last request: 0.000016 seconds.
  path: Assets/Textures/Boss/penguin_jump_02.png
  artifactKey: Guid(371145ea5533f274aa6550d168f1bf4c) Importer(815301076,1909f56bfc062723c751e8b465ee728b)
Start importing Assets/Textures/Boss/penguin_jump_02.png using Guid(371145ea5533f274aa6550d168f1bf4c) Importer(815301076,1909f56bfc062723c751e8b465ee728b)  -> (artifact id: '083b492d6aa9c1192d1e699337bfe61c') in 0.019002 seconds 
========================================================================
Received Import Request.
  Time since last request: 0.000017 seconds.
  path: Assets/Textures/Boss/penguin_idle_01.png
  artifactKey: Guid(901639f1dddd7b04aa3c943786d274d5) Importer(815301076,1909f56bfc062723c751e8b465ee728b)
Start importing Assets/Textures/Boss/penguin_idle_01.png using Guid(901639f1dddd7b04aa3c943786d274d5) Importer(815301076,1909f56bfc062723c751e8b465ee728b)  -> (artifact id: '2ca031202620ce6b13f1bcdc07a9d852') in 0.022328 seconds 
========================================================================
Received Import Request.
  Time since last request: 0.000016 seconds.
  path: Assets/Textures/Boss/penguin_walk_04.png
  artifactKey: Guid(36ff8417f47c0564dac83ad12f13f3ae) Importer(815301076,1909f56bfc062723c751e8b465ee728b)
Start importing Assets/Textures/Boss/penguin_walk_04.png using Guid(36ff8417f47c0564dac83ad12f13f3ae) Importer(815301076,1909f56bfc062723c751e8b465ee728b)  -> (artifact id: 'cb6af2ab1ae09f5b156000b15d0f0fdf') in 0.020714 seconds 
========================================================================
Received Import Request.
  Time since last request: 0.000016 seconds.
  path: Assets/Textures/Boss/penguin_walk_02.png
  artifactKey: Guid(c7bf2343067bbe94eb1be7596f0c61eb) Importer(815301076,1909f56bfc062723c751e8b465ee728b)
Start importing Assets/Textures/Boss/penguin_walk_02.png using Guid(c7bf2343067bbe94eb1be7596f0c61eb) Importer(815301076,1909f56bfc062723c751e8b465ee728b)  -> (artifact id: 'debf298a9c2c40c0e2c2881435948926') in 0.022888 seconds 
========================================================================
Received Import Request.
  Time since last request: 0.000016 seconds.
  path: Assets/Textures/Boss/penguin_idle_04.png
  artifactKey: Guid(443d79d7afdb77c4fa37bedd87b49eda) Importer(815301076,1909f56bfc062723c751e8b465ee728b)
Start importing Assets/Textures/Boss/penguin_idle_04.png using Guid(443d79d7afdb77c4fa37bedd87b49eda) Importer(815301076,1909f56bfc062723c751e8b465ee728b)  -> (artifact id: '02f0f67b2e36128538207fc590bb17d2') in 0.041596 seconds 
========================================================================
Received Import Request.
  Time since last request: 2.393009 seconds.
  path: Assets/Textures/BackGround/1.png
  artifactKey: Guid(7848fa94346eff241b7e626e6b14408d) Importer(815301076,1909f56bfc062723c751e8b465ee728b)
Start importing Assets/Textures/BackGround/1.png using Guid(7848fa94346eff241b7e626e6b14408d) Importer(815301076,1909f56bfc062723c751e8b465ee728b)  -> (artifact id: 'c95cd6116ab15f6f60fbbb4dd9f31f52') in 0.447966 seconds 
========================================================================
Received Import Request.
  Time since last request: 0.000017 seconds.
  path: Assets/Textures/BackGround/3.png
  artifactKey: Guid(9ad093ec2067c7f4e941f22e8b3742b8) Importer(815301076,1909f56bfc062723c751e8b465ee728b)
Start importing Assets/Textures/BackGround/3.png using Guid(9ad093ec2067c7f4e941f22e8b3742b8) Importer(815301076,1909f56bfc062723c751e8b465ee728b)  -> (artifact id: 'a8cce579e8e96abae1cf3cec183389ea') in 0.345878 seconds 
========================================================================
Received Import Request.
  Time since last request: 0.000022 seconds.
  path: Assets/Textures/BackGround/4.png
  artifactKey: Guid(9ffe5d7ff07fc764f8d6b02ce450fa0b) Importer(815301076,1909f56bfc062723c751e8b465ee728b)
Start importing Assets/Textures/BackGround/4.png using Guid(9ffe5d7ff07fc764f8d6b02ce450fa0b) Importer(815301076,1909f56bfc062723c751e8b465ee728b)  -> (artifact id: 'b74f06e3e5495fff90824730474fc73c') in 0.325964 seconds 
========================================================================
Received Import Request.
  Time since last request: 248.488392 seconds.
  path: Assets/Background for mobile games, forest/Textures/Background, autumn_2.png
  artifactKey: Guid(9556f1d05b7920948938b0741b88c27a) Importer(815301076,1909f56bfc062723c751e8b465ee728b)
Start importing Assets/Background for mobile games, forest/Textures/Background, autumn_2.png using Guid(9556f1d05b7920948938b0741b88c27a) Importer(815301076,1909f56bfc062723c751e8b465ee728b)  -> (artifact id: 'f4ca7c873dc75d67b15e04292ec3ad0d') in 0.175643 seconds 
========================================================================
Received Import Request.
  Time since last request: 0.000023 seconds.
  path: Assets/Background for mobile games, forest/Textures/Background, summer_3.png
  artifactKey: Guid(edd5dfb7b9402ce4cba53800f35307cf) Importer(815301076,1909f56bfc062723c751e8b465ee728b)
Start importing Assets/Background for mobile games, forest/Textures/Background, summer_3.png using Guid(edd5dfb7b9402ce4cba53800f35307cf) Importer(815301076,1909f56bfc062723c751e8b465ee728b)  -> (artifact id: '2cc0afab3ab9504e6ef0159cc8dc01a7') in 0.111344 seconds 
========================================================================
Received Import Request.
  Time since last request: 0.000025 seconds.
  path: Assets/Background for mobile games, forest/Textures/Background, autumn_6.png
  artifactKey: Guid(9bf0728b8e0849046b38968a6a005a65) Importer(815301076,1909f56bfc062723c751e8b465ee728b)
Start importing Assets/Background for mobile games, forest/Textures/Background, autumn_6.png using Guid(9bf0728b8e0849046b38968a6a005a65) Importer(815301076,1909f56bfc062723c751e8b465ee728b)  -> (artifact id: 'ece8b63b6aa43d0a099e5bebb41a5fb9') in 0.121463 seconds 
========================================================================
Received Import Request.
  Time since last request: 0.000017 seconds.
  path: Assets/Background for mobile games, forest/Textures/Background, winter_2.png
  artifactKey: Guid(7b8229f7cba974c4ebba1facd887c04d) Importer(815301076,1909f56bfc062723c751e8b465ee728b)
Start importing Assets/Background for mobile games, forest/Textures/Background, winter_2.png using Guid(7b8229f7cba974c4ebba1facd887c04d) Importer(815301076,1909f56bfc062723c751e8b465ee728b)  -> (artifact id: '173c5bf8dd9c25f19ee4b206a78ec238') in 0.128272 seconds 
========================================================================
Received Import Request.
  Time since last request: 0.000021 seconds.
  path: Assets/Background for mobile games, forest/Textures/Background, winter_4.png
  artifactKey: Guid(655b08f8a3886d143bbb62f48b4ae0a2) Importer(815301076,1909f56bfc062723c751e8b465ee728b)
Start importing Assets/Background for mobile games, forest/Textures/Background, winter_4.png using Guid(655b08f8a3886d143bbb62f48b4ae0a2) Importer(815301076,1909f56bfc062723c751e8b465ee728b)  -> (artifact id: '4b63c6aae60046bb9dbff5a71425b433') in 0.097252 seconds 
========================================================================
Received Import Request.
  Time since last request: 0.000031 seconds.
  path: Assets/Background for mobile games, forest/Textures/Background, winter_13.png
  artifactKey: Guid(7ceee878c08653e458e499ffe0923cc4) Importer(815301076,1909f56bfc062723c751e8b465ee728b)
Start importing Assets/Background for mobile games, forest/Textures/Background, winter_13.png using Guid(7ceee878c08653e458e499ffe0923cc4) Importer(815301076,1909f56bfc062723c751e8b465ee728b)  -> (artifact id: '7dbd4565737c02a91edb330b0ca5ae2f') in 0.112965 seconds 
========================================================================
Received Import Request.
  Time since last request: 0.000019 seconds.
  path: Assets/Background for mobile games, forest/Textures/Background, winter_3.png
  artifactKey: Guid(aaa34e54899170d43a3f053797e18782) Importer(815301076,1909f56bfc062723c751e8b465ee728b)
Start importing Assets/Background for mobile games, forest/Textures/Background, winter_3.png using Guid(aaa34e54899170d43a3f053797e18782) Importer(815301076,1909f56bfc062723c751e8b465ee728b)  -> (artifact id: '7e97838af748e7e6b4032866ec1825ab') in 0.130055 seconds 
========================================================================
Received Import Request.
  Time since last request: 0.000026 seconds.
  path: Assets/Background for mobile games, forest/Textures/Background, autumn_8.png
  artifactKey: Guid(4c3561981b92e3d47bd73dfbe38d5d96) Importer(815301076,1909f56bfc062723c751e8b465ee728b)
Start importing Assets/Background for mobile games, forest/Textures/Background, autumn_8.png using Guid(4c3561981b92e3d47bd73dfbe38d5d96) Importer(815301076,1909f56bfc062723c751e8b465ee728b)  -> (artifact id: '73cf75ea53e85edf9fbc33a41c0203c1') in 0.112464 seconds 
========================================================================
Received Import Request.
  Time since last request: 0.000026 seconds.
  path: Assets/Background for mobile games, forest/Textures/Background, winter_5.png
  artifactKey: Guid(49600737901197c47a6dfdb43a139e13) Importer(815301076,1909f56bfc062723c751e8b465ee728b)
Start importing Assets/Background for mobile games, forest/Textures/Background, winter_5.png using Guid(49600737901197c47a6dfdb43a139e13) Importer(815301076,1909f56bfc062723c751e8b465ee728b)  -> (artifact id: '1c172d0d961a70b5bfbdc920c9964781') in 0.106143 seconds 
========================================================================
Received Import Request.
  Time since last request: 0.000018 seconds.
  path: Assets/Background for mobile games, forest/Textures/Background, summer_9.png
  artifactKey: Guid(52929d854f0a98d4088fcef55e6ef863) Importer(815301076,1909f56bfc062723c751e8b465ee728b)
Start importing Assets/Background for mobile games, forest/Textures/Background, summer_9.png using Guid(52929d854f0a98d4088fcef55e6ef863) Importer(815301076,1909f56bfc062723c751e8b465ee728b)  -> (artifact id: 'df085d79119ce6d9479d83473cb516b5') in 0.154665 seconds 
========================================================================
Received Import Request.
  Time since last request: 0.000024 seconds.
  path: Assets/Background for mobile games, forest/Textures/Background, summer_6.png
  artifactKey: Guid(e5df94420d72ec3478ce50b81ad0ce4c) Importer(815301076,1909f56bfc062723c751e8b465ee728b)
Start importing Assets/Background for mobile games, forest/Textures/Background, summer_6.png using Guid(e5df94420d72ec3478ce50b81ad0ce4c) Importer(815301076,1909f56bfc062723c751e8b465ee728b)  -> (artifact id: '63395d6bf0e22d045071aa753363d1f9') in 0.155748 seconds 
========================================================================
Received Import Request.
  Time since last request: 0.000026 seconds.
  path: Assets/Background for mobile games, forest/Textures/Background, summer_8.png
  artifactKey: Guid(97bbecdf625059740a0aafeba778d703) Importer(815301076,1909f56bfc062723c751e8b465ee728b)
Start importing Assets/Background for mobile games, forest/Textures/Background, summer_8.png using Guid(97bbecdf625059740a0aafeba778d703) Importer(815301076,1909f56bfc062723c751e8b465ee728b)  -> (artifact id: 'a841d481d124078368cd17da40b96bb6') in 0.177838 seconds 
========================================================================
Received Import Request.
  Time since last request: 0.000018 seconds.
  path: Assets/Background for mobile games, forest/Textures/Background, autumn_7.png
  artifactKey: Guid(28fb05c8ebfa3364e8b3859bbb1713fa) Importer(815301076,1909f56bfc062723c751e8b465ee728b)
Start importing Assets/Background for mobile games, forest/Textures/Background, autumn_7.png using Guid(28fb05c8ebfa3364e8b3859bbb1713fa) Importer(815301076,1909f56bfc062723c751e8b465ee728b)  -> (artifact id: '7e695cdfe64f37240e10e3e3389d9180') in 0.134331 seconds 
========================================================================
Received Import Request.
  Time since last request: 0.000022 seconds.
  path: Assets/Background for mobile games, forest/Textures/Background, summer_12.png
  artifactKey: Guid(03fcffd84e4f7f041987ead23a479d58) Importer(815301076,1909f56bfc062723c751e8b465ee728b)
Start importing Assets/Background for mobile games, forest/Textures/Background, summer_12.png using Guid(03fcffd84e4f7f041987ead23a479d58) Importer(815301076,1909f56bfc062723c751e8b465ee728b)  -> (artifact id: '917e475b0471479a98b190833846b63a') in 0.110427 seconds 
========================================================================
Received Import Request.
  Time since last request: 0.000026 seconds.
  path: Assets/Background for mobile games, forest/Textures/Background, winter_11.png
  artifactKey: Guid(c277311ecfb948a4b9d8501326aa03b5) Importer(815301076,1909f56bfc062723c751e8b465ee728b)
Start importing Assets/Background for mobile games, forest/Textures/Background, winter_11.png using Guid(c277311ecfb948a4b9d8501326aa03b5) Importer(815301076,1909f56bfc062723c751e8b465ee728b)  -> (artifact id: 'df4f7e8e135b455a02ba3c21ddca7f7a') in 0.108266 seconds 
========================================================================
Received Import Request.
  Time since last request: 0.000019 seconds.
  path: Assets/Background for mobile games, forest/Textures/Background, winter_6.png
  artifactKey: Guid(98d81a2ed9b461245ae58829d5ed7284) Importer(815301076,1909f56bfc062723c751e8b465ee728b)
Start importing Assets/Background for mobile games, forest/Textures/Background, winter_6.png using Guid(98d81a2ed9b461245ae58829d5ed7284) Importer(815301076,1909f56bfc062723c751e8b465ee728b)  -> (artifact id: 'ab56d82892c83d8db613cf4e4fa364a1') in 0.115744 seconds 
Editor requested this worker to shutdown with reason: Scaling down because of idle timeout
AssetImportWorker is now disconnected from the server
Process exiting
Exiting without the bug reporter. Application will terminate with return code 0